Saved: /mnt/data/unit4_summative/figures/u4_bank_s1_blank_standard_sq_v1.png
Saved: /mnt/data/unit4_summative/figures/u4_bank_s2_blank_standard_sq_v1.png
Saved: /mnt/data/unit4_summative/figures/u4_bank_s3_blank_standard_sq_v1.png
Saved: /mnt/data/unit4_summative/figures/u4_bank_s5_blank_standard_sq_v1.png
Saved: /mnt/data/unit4_summative/figures/u4_bank_s1_family_grid_sq_v1.png
Saved: /mnt/data/unit4_summative/figures/u4_bank_s1_linear_vs_exponential_sq_v1.png
Saved: /mnt/data/unit4_summative/figures/u4_bank_s2_abs_translation_sq_v1.png
Saved: /mnt/data/unit4_summative/figures/u4_bank_s2_quad_translation_sq_v1.png
Saved: /mnt/data/unit4_summative/figures/u4_bank_s3_quad_transform_sq_v1.png
Saved: /mnt/data/unit4_summative/figures/u4_bank_s3_abs_reflect_stretch_sq_v1.png
Saved: /mnt/data/unit4_summative/figures/u4_bank_s4_area_x3_x5_sq_v1.png
Saved: /mnt/data/unit4_summative/figures/u4_bank_s4_area_xminus2_xplus4_sq_v1.png
Saved: /mnt/data/unit4_summative/figures/u4_bank_s4_area_2xminus1_xplus3_sq_v1.png
Saved: /mnt/data/unit4_summative/figures/u4_bank_s4_area_blank_sq_v1.png
Saved: /mnt/data/unit4_summative/figures/u4_bank_s4_tiles_x2_5x_6_sq_v1.png
Saved: /mnt/data/unit4_summative/figures/u4_bank_s5_quadratic_feature_sq_v1.png
Saved: /mnt/data/unit4_summative/figures/u4_bank_s5_expanded_vs_factored_sq_v1.png
Saved: /mnt/data/unit4_summative/figures/u4_bank_s5_downward_quad_sq_v1.png

STDERR:
findfont: Font family 'Times New Roman' not found.
findfont: Font family 'Times New Roman' not found.
findfont: Font family 'Times New Roman' not found.
findfont: Font family 'Times New Roman' not found.
findfont: Font family 'Times New Roman' not found.
findfont: Font family 'Times New Roman' not found.
findfont: Font family 'Times New Roman' not found.
findfont: Font family 'Times New Roman' not found.
findfont: Font family 'Times New Roman' not found.
findfont: Font family 'Times New Roman' not found.
findfont: Font family 'Times New Roman' not found.
findfont: Font family 'Times New Roman' not found.
findfont: Font family 'Times New Roman' not found.
findfont: Font family 'Times New Roman' not found.
findfont: Font family 'Times New Roman' not found.
findfont: Font family 'Times New Roman' not found.
findfont: Font family 'Times New Roman' not found.
findfont: Font family 'Times New Roman' not found.
findfont: Font family 'Times New Roman' not found.
findfont: Font family 'Times New Roman' not found.
findfont: Font family 'Times New Roman' not found.
findfont: Font family 'Times New Roman' not found.
findfont: Font family 'Times New Roman' not found.
findfont: Font family 'Times New Roman' not found.
findfont: Font family 'Times New Roman' not found.
findfont: Font family 'Times New Roman' not found.
findfont: Font family 'Times New Roman' not found.
findfont: Font family 'Times New Roman' not found.
findfont: Font family 'Times New Roman' not found.
findfont: Font family 'Times New Roman' not found.
findfont: Font family 'Times New Roman' not found.
findfont: Font family 'Times New Roman' not found.
findfont: Font family 'Times New Roman' not found.
findfont: Font family 'Times New Roman' not found.
findfont: Font family 'Times New Roman' not found.
findfont: Font family 'Times New Roman' not found.
findfont: Font family 'Times New Roman' not found.
findfont: Font family 'Times New Roman' not found.
findfont: Font family 'Times New Roman' not found.
findfont: Font family 'Times New Roman' not found.
findfont: Font family 'Times New Roman' not found.
findfont: Font family 'Times New Roman' not found.
findfont: Font family 'Times New Roman' not found.
findfont: Font family 'Times New Roman' not found.
findfont: Font family 'Times New Roman' not found.
findfont: Font family 'Times New Roman' not found.
findfont: Font family 'Times New Roman' not found.
findfont: Font family 'Times New Roman' not found.
findfont: Font family 'Times New Roman' not found.
findfont: Font family 'Times New Roman' not found.
findfont: Font family 'Times New Roman' not found.
findfont: Font family 'Times New Roman' not found.
findfont: Font family 'Times New Roman' not found.
findfont: Font family 'Times New Roman' not found.
findfont: Font family 'Times New Roman' not found.
findfont: Font family 'Times New Roman' not found.
findfont: Font family 'Times New Roman' not found.
findfont: Font family 'Times New Roman' not found.
findfont: Font family 'Times New Roman' not found.
findfont: Font family 'Times New Roman' not found.
findfont: Font family 'Times New Roman' not found.
findfont: Font family 'Times New Roman' not found.
findfont: Font family 'Times New Roman' not found.
findfont: Font family 'Times New Roman' not found.
findfont: Font family 'Times New Roman' not found.
findfont: Font family 'Times New Roman' not found.
findfont: Font family 'Times New Roman' not found.
findfont: Font family 'Times New Roman' not found.
findfont: Font family 'Times New Roman' not found.
findfont: Font family 'Times New Roman' not found.
findfont: Font family 'Times New Roman' not found.
findfont: Font family 'Times New Roman' not found.
findfont: Font family 'Times New Roman' not found.
findfont: Font family 'Times New Roman' not found.
findfont: Font family 'Times New Roman' not found.
findfont: Font family 'Times New Roman' not found.
findfont: Font family 'Times New Roman' not found.
findfont: Font family 'Times New Roman' not found.
findfont: Font family 'Times New Roman' not found.
findfont: Font family 'Times New Roman' not found.
findfont: Font family 'Times New Roman' not found.
findfont: Font family 'Times New Roman' not found.
findfont: Font family 'Times New Roman' not found.
findfont: Font family 'Times New Roman' not found.
findfont: Font family 'Times New Roman' not found.
findfont: Font family 'Times New Roman' not found.
findfont: Font family 'Times New Roman' not found.
findfont: Font family 'Times New Roman' not found.
findfont: Font family 'Times New Roman' not found.
findfont: Font family 'Times New Roman' not found.
findfont: Font family 'Times New Roman' not found.
findfont: Font family 'Times New Roman' not found.
findfont: Font family 'Times New Roman' not found.
findfont: Font family 'Times New Roman' not found.
findfont: Font family 'Times New Roman' not found.
findfont: Font family 'Times New Roman' not found.
findfont: Font family 'Times New Roman' not found.
findfont: Font family 'Times New Roman' not found.
findfont: Font family 'Times New Roman' not found.
findfont: Font family 'Times New Roman' not found.
findfont: Font family 'Times New Roman' not found.
findfont: Font family 'Times New Roman' not found.
findfont: Font family 'Times New Roman' not found.
findfont: Font family 'Times New Roman' not found.
findfont: Font family 'Times New Roman' not found.
findfont: Font family 'Times New Roman' not found.
findfont: Font family 'Times New Roman' not found.
findfont: Font family 'Times New Roman' not found.
findfont: Font family 'Times New Roman' not found.
findfont: Font family 'Times New Roman' not found.
findfont: Font family 'Times New Roman' not found.
findfont: Font family 'Times New Roman' not found.
findfont: Font family 'Times New Roman' not found.
findfont: Font family 'Times New Roman' not found.
findfont: Font family 'Times New Roman' not found.
findfont: Font family 'Times New Roman' not found.
findfont: Font family 'Times New Roman' not found.
findfont: Font family 'Times New Roman' not found.
findfont: Font family 'Times New Roman' not found.
findfont: Font family 'Times New Roman' not found.
findfont: Font family 'Times New Roman' not found.
findfont: Font family 'Times New Roman' not found.
findfont: Font family 'Times New Roman' not found.
findfont: Font family 'Times New Roman' not found.
findfont: Font family 'Times New Roman' not found.
findfont: Font family 'Times New Roman' not found.
findfont: Font family 'Times New Roman' not found.
findfont: Font family 'Times New Roman' not found.
findfont: Font family 'Times New Roman' not found.
findfont: Font family 'Times New Roman' not found.
findfont: Font family 'Times New Roman' not found.
findfont: Font family 'Times New Roman' not found.
findfont: Font family 'Times New Roman' not found.
findfont: Font family 'Times New Roman' not found.
findfont: Font family 'Times New Roman' not found.
findfont: Font family 'Times New Roman' not found.
findfont: Font family 'Times New Roman' not found.
findfont: Font family 'Times New Roman' not found.
findfont: Font family 'Times New Roman' not found.
findfont: Font family 'Times New Roman' not found.
findfont: Font family 'Times New Roman' not found.
findfont: Font family 'Times New Roman' not found.
findfont: Font family 'Times New Roman' not found.
findfont: Font family 'Times New Roman' not found.
findfont: Font family 'Times New Roman' not found.
findfont: Font family 'Times New Roman' not found.
findfont: Font family 'Times New Roman' not found.
findfont: Font family 'Times New Roman' not found.
findfont: Font family 'Times New Roman' not found.
findfont: Font family 'Times New Roman' not found.
findfont: Font family 'Times New Roman' not found.
findfont: Font family 'Times New Roman' not found.
findfont: Font family 'Times New Roman' not found.
findfont: Font family 'Times New Roman' not found.
findfont: Font family 'Times New Roman' not found.
findfont: Font family 'Times New Roman' not found.
findfont: Font family 'Times New Roman' not found.
findfont: Font family 'Times New Roman' not found.
findfont: Font family 'Times New Roman' not found.
findfont: Font family 'Times New Roman' not found.
findfont: Font family 'Times New Roman' not found.
findfont: Font family 'Times New Roman' not found.
findfont: Font family 'Times New Roman' not found.
findfont: Font family 'Times New Roman' not found.
findfont: Font family 'Times New Roman' not found.
findfont: Font family 'Times New Roman' not found.
findfont: Font family 'Times New Roman' not found.
findfont: Font family 'Times New Roman' not found.
findfont: Font family 'Times New Roman' not found.
findfont: Font family 'Times New Roman' not found.
findfont: Font family 'Times New Roman' not found.
findfont: Font family 'Times New Roman' not found.
findfont: Font family 'Times New Roman' not found.
findfont: Font family 'Times New Roman' not found.
findfont: Font family 'Times New Roman' not found.
findfont: Font family 'Times New Roman' not found.
findfont: Font family 'Times New Roman' not found.
findfont: Font family 'Times New Roman' not found.
findfont: Font family 'Times New Roman' not found.
findfont: Font family 'Times New Roman' not found.
findfont: Font family 'Times New Roman' not found.
findfont: Font family 'Times New Roman' not found.
findfont: Font family 'Times New Roman' not found.
findfont: Font family 'Times New Roman' not found.
findfont: Font family 'Times New Roman' not found.
findfont: Font family 'Times New Roman' not found.
findfont: Font family 'Times New Roman' not found.
findfont: Font family 'Times New Roman' not found.
findfont: Font family 'Times New Roman' not found.
findfont: Font family 'Times New Roman' not found.
findfont: Font family 'Times New Roman' not found.
findfont: Font family 'Times New Roman' not found.
findfont: Font family 'Times New Roman' not found.
findfont: Font family 'Times New Roman' not found.
findfont: Font family 'Times New Roman' not found.
findfont: Font family 'Times New Roman' not found.
findfont: Font family 'Times New Roman' not found.
findfont: Font family 'Times New Roman' not found.
findfont: Font family 'Times New Roman' not found.
findfont: Font family 'Times New Roman' not found.
findfont: Font family 'Times New Roman' not found.
findfont: Font family 'Times New Roman' not found.
findfont: Font family 'Times New Roman' not found.
findfont: Font family 'Times New Roman' not found.
findfont: Font family 'Times New Roman' not found.
findfont: Font family 'Times New Roman' not found.
findfont: Font family 'Times New Roman' not found.
findfont: Font family 'Times New Roman' not found.
findfont: Font family 'Times New Roman' not found.
findfont: Font family 'Times New Roman' not found.
findfont: Font family 'Times New Roman' not found.
findfont: Font family 'Times New Roman' not found.
findfont: Font family 'Times New Roman' not found.
findfont: Font family 'Times New Roman' not found.
findfont: Font family 'Times New Roman' not found.
findfont: Font family 'Times New Roman' not found.
findfont: Font family 'Times New Roman' not found.
findfont: Font family 'Times New Roman' not found.
findfont: Font family 'Times New Roman' not found.
findfont: Font family 'Times New Roman' not found.
findfont: Font family 'Times New Roman' not found.
findfont: Font family 'Times New Roman' not found.
findfont: Font family 'Times New Roman' not found.
findfont: Font family 'Times New Roman' not found.
findfont: Font family 'Times New Roman' not found.
findfont: Font family 'Times New Roman' not found.
findfont: Font family 'Times New Roman' not found.
findfont: Font family 'Times New Roman' not found.
findfont: Font family 'Times New Roman' not found.
findfont: Font family 'Times New Roman' not found.
findfont: Font family 'Times New Roman' not found.
findfont: Font family 'Times New Roman' not found.
findfont: Font family 'Times New Roman' not found.
findfont: Font family 'Times New Roman' not found.
findfont: Font family 'Times New Roman' not found.
findfont: Font family 'Times New Roman' not found.
findfont: Font family 'Times New Roman' not found.
findfont: Font family 'Times New Roman' not found.
findfont: Font family 'Times New Roman' not found.
findfont: Font family 'Times New Roman' not found.
findfont: Font family 'Times New Roman' not found.
findfont: Font family 'Times New Roman' not found.
findfont: Font family 'Times New Roman' not found.
findfont: Font family 'Times New Roman' not found.
findfont: Font family 'Times New Roman' not found.
findfont: Font family 'Times New Roman' not found.
findfont: Font family 'Times New Roman' not found.
findfont: Font family 'Times New Roman' not found.
findfont: Font family 'Times New Roman' not found.
findfont: Font family 'Times New Roman' not found.
findfont: Font family 'Times New Roman' not found.
findfont: Font family 'Times New Roman' not found.
findfont: Font family 'Times New Roman' not found.
findfont: Font family 'Times New Roman' not found.
findfont: Font family 'Times New Roman' not found.
findfont: Font family 'Times New Roman' not found.
findfont: Font family 'Times New Roman' not found.
findfont: Font family 'Times New Roman' not found.
findfont: Font family 'Times New Roman' not found.
findfont: Font family 'Times New Roman' not found.
findfont: Font family 'Times New Roman' not found.
findfont: Font family 'Times New Roman' not found.
findfont: Font family 'Times New Roman' not found.
findfont: Font family 'Times New Roman' not found.
findfont: Font family 'Times New Roman' not found.
findfont: Font family 'Times New Roman' not found.
findfont: Font family 'Times New Roman' not found.
findfont: Font family 'Times New Roman' not found.
findfont: Font family 'Times New Roman' not found.
findfont: Font family ['Times New Roman'] not found. Falling back to DejaVu Sans.
findfont: Font family 'Times New Roman' not found.
findfont: Font family 'Times New Roman' not found.
findfont: Font family 'Times New Roman' not found.
findfont: Font family 'Times New Roman' not found.
findfont: Font family 'Times New Roman' not found.
findfont: Font family 'Times New Roman' not found.
findfont: Font family 'Times New Roman' not found.
findfont: Font family 'Times New Roman' not found.
findfont: Font family ['Times New Roman'] not found. Falling back to DejaVu Sans.
findfont: Font family 'Times New Roman' not found.
findfont: Font family ['Times New Roman'] not found. Falling back to DejaVu Sans.
findfont: Font family 'Times New Roman' not found.
findfont: Font family 'Times New Roman' not found.
findfont: Font family 'Times New Roman' not found.
findfont: Font family 'Times New Roman' not found.
findfont: Font family 'Times New Roman' not found.
findfont: Font family 'Times New Roman' not found.
findfont: Font family 'Times New Roman' not found.
findfont: Font family 'Times New Roman' not found.
findfont: Font family 'Times New Roman' not found.
findfont: Font family 'Times New Roman' not found.
findfont: Font family 'Times New Roman' not found.
findfont: Font family 'Times New Roman' not found.
findfont: Font family 'Times New Roman' not found.
findfont: Font family 'Times New Roman' not found.
findfont: Font family 'Times New Roman' not found.
findfont: Font family 'Times New Roman' not found.
findfont: Font family 'Times New Roman' not found.
findfont: Font family 'Times New Roman' not found.
findfont: Font family 'Times New Roman' not found.
findfont: Font family 'Times New Roman' not found.
findfont: Font family 'Times New Roman' not found.
findfont: Font family 'Times New Roman' not found.
findfont: Font family 'Times New Roman' not found.
findfont: Font family 'Times New Roman' not found.
findfont: Font family 'Times New Roman' not found.
findfont: Font family 'Times New Roman' not found.
findfont: Font family 'Times New Roman' not found.
findfont: Font family 'Times New Roman' not found.
findfont: Font family 'Times New Roman' not found.
findfont: Font family 'Times New Roman' not found.
findfont: Font family 'Times New Roman' not found.
findfont: Font family 'Times New Roman' not found.
findfont: Font family 'Times New Roman' not found.
findfont: Font family 'Times New Roman' not found.
findfont: Font family 'Times New Roman' not found.
findfont: Font family 'Times New Roman' not found.
findfont: Font family 'Times New Roman' not found.
findfont: Font family 'Times New Roman' not found.
findfont: Font family 'Times New Roman' not found.
findfont: Font family 'Times New Roman' not found.
findfont: Font family 'Times New Roman' not found.
findfont: Font family 'Times New Roman' not found.
findfont: Font family 'Times New Roman' not found.
findfont: Font family 'Times New Roman' not found.
findfont: Font family 'Times New Roman' not found.
findfont: Font family 'Times New Roman' not found.
findfont: Font family 'Times New Roman' not found.
findfont: Font family 'Times New Roman' not found.
findfont: Font family 'Times New Roman' not found.
findfont: Font family 'Times New Roman' not found.
findfont: Font family 'Times New Roman' not found.
findfont: Font family 'Times New Roman' not found.
findfont: Font family 'Times New Roman' not found.
findfont: Font family 'Times New Roman' not found.
